2024-12-01T04:23:25+00:00 DEBUG Tt4b_Mapi_Class::create_open_source_app: Response: 

HTTP/1.1 200 OK
Content-Type: application/json
X-Tt-Logid: 202412010423237F3A75942FF469E4FCD5,202412010423237F3A75942FF469E4FCD5
Strict-Transport-Security: max-age=31536000; includeSubDomains
x-tt-trace-host: 01ac13c17e0d18cf16718d17ad8e41db2d8446328690b695ddb2e3d969aa26a259b5d02aa5331defccebe8b2b03b2b42bd3e4827ba6444ddf50a27e2ff0051dc9e10c10e3f21149279573b47ac6c1f246065632e3704be2c6bbd6e9e8b275207077c4d802f777fc4959629d2779080c872
x-tt-trace-id: 00-2412010423237F3A75942FF469E4FCD5-2100B7133C661571-00
Server: TLB
Content-Encoding: gzip
Content-Length: 218
X-Origin-Response-Time: 99,23.52.40.110
X-Akamai-Request-ID: 219c5b71.5fe6f90e
Date: Sun, 01 Dec 2024 04:23:25 GMT
X-Cache: TCP_MISS from a92-123-132-6.deploy.akamaitechnologies.com (AkamaiGHost/11.7.1-5d2a058efeda81c5505a169a6e16c38e) (-)
Connection: close
Vary: Accept-Encoding
X-Cache-Remote: TCP_MISS from a23-52-40-110.deploy.akamaitechnologies.com (AkamaiGHost/11.7.1-5d2a058efeda81c5505a169a6e16c38e) (-)
x-tt-trace-tag: id=16;cdn-cache=miss;type=dyn
Server-Timing: cdn-cache; desc=MISS, edge; dur=170, origin; dur=98
Server-Timing: inner; dur=91
X-Parent-Response-Time: 264,92.123.132.6

{"code":0,"msg":"ok","data":{"app_secret":"a6164e233b4f3149af67b57f1fb3e24a0bbbe1e5","app_id":"7443294309371084816","external_data_key":"b1d3be8e-c9d1-405c-909c-d5ba0c6b0d4b","redirect_uri":"https:\/\/www.goodtutor2.infinityfreeapp.com\/wp-admin\/"}}
2024-12-01T05:18:21+00:00 DEBUG POST: https://business-api.tiktok.com/tbp/v2.0/business_profile/disconnect?external_data=

{"business_platform":"WOO_COMMERCE","external_business_id":"tt4b_woocommerce_674be4bcaccd7"}
 ajax: no
2024-12-01T05:18:21+00:00 DEBUG Tt4b_Mapi_Class::tbp_post: Response: 

HTTP/1.1 200 OK
Content-Type: application/json; charset=utf-8
Content-Length: 95
X-Api-Deprecation-Info: API for Business Version 1.3 is now live. To avoid disruption to your business, we recommend you migrate all calls to v1.3 as soon as possible. Please visit our migration guide for more details: https://ads.tiktok.com/marketing_api/docs?id=1740029169927169
X-Domain-Change-Info: We have moved to the new domain business-api.tiktok.com for API services after the Platform Upgrade on 09/30/2021. Please update all of your requests with the new domain if you haven't done so already. For more information, please visit https://ads.tiktok.com/marketing_api/docs?rid=esb88xalm6m&id=1709207085043713
X-Tt-Logid: 2024120105182086DEF165E2FFE371A085
x-tt-trace-host: 01108cce83f1a5e2c308c2c415eee0a709a2d84c3e148c5e60f22edee2b72435c16ccc8fb72a1d2ab0ed56c9edfa5a2df72e7932a26933da988487a408ca5bb33243497071c1fef62bd1703bc1364c83ab323605913c0f67df228be512b572a5b2c1d02df98b7bfe540b42abed96426b6f
x-tt-trace-id: 00-24120105182086DEF165E2FFE371A085-4B3916656397158E-00
Server: TLB
X-Origin-Response-Time: 17,23.47.190.77
X-Akamai-Request-ID: 58cc4eac.1bd08f6c
Expires: Sun, 01 Dec 2024 05:18:21 GMT
Cache-Control: max-age=0, no-cache, no-store
Pragma: no-cache
Date: Sun, 01 Dec 2024 05:18:21 GMT
X-Cache: TCP_MISS from a2-16-173-111.deploy.akamaitechnologies.com (AkamaiGHost/11.7.1-5564540792473a75b19a89fcf1e2a34b) (-)
Connection: close
X-Cache-Remote: TCP_MISS from a23-47-190-77.deploy.akamaitechnologies.com (AkamaiGHost/11.7.1-5564540792473a75b19a89fcf1e2a34b) (-)
x-tt-trace-tag: id=16;cdn-cache=miss;type=dyn
Server-Timing: cdn-cache; desc=MISS, edge; dur=162, origin; dur=17
Server-Timing: inner; dur=11
X-Parent-Response-Time: 179,2.16.173.111

{"code":40001,"message":"Permission denied.","request_id":"2024120105182086DEF165E2FFE371A085"}
2024-12-01T05:18:21+00:00 DEBUG POST: https://business-api.tiktok.com/tbp/v2.0/shop/connection/disconnect?external_data=

--- EMPTY STRING ---
 ajax: no
2024-12-01T05:18:21+00:00 DEBUG Tt4b_Mapi_Class::tts_shop_disconnect: Response: 

HTTP/1.1 200 OK
Content-Type: application/json; charset=utf-8
Content-Length: 95
X-Api-Deprecation-Info: API for Business Version 1.3 is now live. To avoid disruption to your business, we recommend you migrate all calls to v1.3 as soon as possible. Please visit our migration guide for more details: https://ads.tiktok.com/marketing_api/docs?id=1740029169927169
X-Domain-Change-Info: We have moved to the new domain business-api.tiktok.com for API services after the Platform Upgrade on 09/30/2021. Please update all of your requests with the new domain if you haven't done so already. For more information, please visit https://ads.tiktok.com/marketing_api/docs?rid=esb88xalm6m&id=1709207085043713
X-Tt-Logid: 20241201051820397BB4AABC816C6FD0B6
x-tt-trace-host: 01108cce83f1a5e2c308c2c415eee0a709a2d84c3e148c5e60f22edee2b72435c1dde48517a640c2cfc122ba294c485a9ebc0c863f6df830fc012b7508ddab5deef0d58cba958d1822341b16b94a34612b0df7d5e5e5c23077337243e4bf8a639d1f282c0ffd36e2a41042acfa315fbd50
x-tt-trace-id: 00-241201051820397BB4AABC816C6FD0B6-5B5DA6271E35E823-00
Server: TLB
X-Origin-Response-Time: 17,23.54.117.154
X-Akamai-Request-ID: 10890558.1bd09089
Expires: Sun, 01 Dec 2024 05:18:21 GMT
Cache-Control: max-age=0, no-cache, no-store
Pragma: no-cache
Date: Sun, 01 Dec 2024 05:18:21 GMT
X-Cache: TCP_MISS from a2-16-173-111.deploy.akamaitechnologies.com (AkamaiGHost/11.7.1-5564540792473a75b19a89fcf1e2a34b) (-)
Connection: close
X-Cache-Remote: TCP_MISS from a23-54-117-154.deploy.akamaitechnologies.com (AkamaiGHost/11.7.1-5564540792473a75b19a89fcf1e2a34b) (-)
x-tt-trace-tag: id=16;cdn-cache=miss;type=dyn
Server-Timing: cdn-cache; desc=MISS, edge; dur=162, origin; dur=16
Server-Timing: inner; dur=12
X-Parent-Response-Time: 178,2.16.173.111

{"code":40001,"message":"Permission denied.","request_id":"20241201051820397BB4AABC816C6FD0B6"}
